0 info it worked if it ends with ok
1 verbose cli [ '/usr/local/bin/node',
1 verbose cli   '/usr/local/bin/npm',
1 verbose cli   'version',
1 verbose cli   'patch' ]
2 info using npm@3.8.9
3 info using node@v6.2.0
4 error version No valid package.json found
5 verbose stack Error: Error: ENOENT: no such file or directory, open '/Users/frejya/Development/keeperteacher/identity-service/package.json'
5 verbose stack     at ReadFileContext.<anonymous> (/usr/local/lib/node_modules/npm/lib/version.js:110:23)
5 verbose stack     at ReadFileContext.callback (/usr/local/lib/node_modules/npm/node_modules/graceful-fs/graceful-fs.js:78:16)
5 verbose stack     at FSReqWrap.readFileAfterOpen [as oncomplete] (fs.js:359:13)
6 verbose cwd /Users/frejya/Development/keeperteacher/identity-service
7 error Darwin 15.6.0
8 error argv "/usr/local/bin/node" "/usr/local/bin/npm" "version" "patch"
9 error node v6.2.0
10 error npm  v3.8.9
11 error code [ 'Error: ENOENT',
11 error code   'ENOENT',
11 error code   index: 0,
11 error code   input: 'Error: ENOENT: no such file or directory, open \'/Users/frejya/Development/keeperteacher/identity-service/package.json\'' ]
12 error Error: ENOENT: no such file or directory, open '/Users/frejya/Development/keeperteacher/identity-service/package.json'
13 error If you need help, you may report this error at:
13 error     <https://github.com/npm/npm/issues>
14 verbose exit [ 1, true ]
